# JRE version: OpenJDK Runtime Environment (21.0.6) (build 21.0.6+-13391695-b895.109)
# Java VM: OpenJDK 64-Bit Server VM (21.0.6+-13391695-b895.109, mixed mode, tiered, compressed oops, compressed class ptrs, g1 gc, windows-amd64)
GC Precious Log:
 CardTable entry size: 512
 Card Set container configuration: InlinePtr #cards 5 size 8 Array Of Cards #cards 12 size 40 Howl #buckets 4 coarsen threshold 1843 Howl Bitmap #cards 512 size 80 coarsen threshold 460 Card regions per heap region 1 cards per card region 2048
 CPUs: 12 total, 12 available
 Memory: 5996M
 Large Page Support: Disabled
 NUMA Support: Disabled
 Compressed Oops: Enabled (32-bit)
 Heap Region Size: 1M
 Heap Min Capacity: 8M
 Heap Initial Capacity: 94M
 Heap Max Capacity: 2G
 Pre-touch: Disabled
 Parallel Workers: 10
 Concurrent Workers: 3
 Concurrent Refinement Workers: 10
 Periodic GC: Disabled
Heap:
 garbage-first heap   total 157696K, used 105754K [0x0000000080000000, 0x0000000100000000)
  region size 1024K, 14 young (14336K), 5 survivors (5120K)
 Metaspace       used 70960K, committed 72768K, reserved 1114112K
  class space    used 9695K, committed 10624K, reserved 1048576K
GC Heap History (20 events):
Event: 12.164 GC heap before
{Heap before GC invocations=10 (full 0):
 garbage-first heap   total 87040K, used 77799K [0x0000000080000000, 0x0000000100000000)
  region size 1024K, 20 young (20480K), 4 survivors (4096K)
 Metaspace       used 39160K, committed 40256K, reserved 1114112K
  class space    used 5350K, committed 5888K, reserved 1048576K
}
Event: 12.168 GC heap after
{Heap after GC invocations=11 (full 0):
 garbage-first heap   total 87040K, used 61627K [0x0000000080000000, 0x0000000100000000)
  region size 1024K, 1 young (1024K), 1 survivors (1024K)
 Metaspace       used 39160K, committed 40256K, reserved 1114112K
  class space    used 5350K, committed 5888K, reserved 1048576K
}
Event: 12.572 GC heap before
{Heap before GC invocations=11 (full 0):
 garbage-first heap   total 87040K, used 78011K [0x0000000080000000, 0x0000000100000000)
  region size 1024K, 17 young (17408K), 1 survivors (1024K)
 Metaspace       used 41205K, committed 42496K, reserved 1114112K
  class space    used 5690K, committed 6336K, reserved 1048576K
}
Event: 12.575 GC heap after
{Heap after GC invocations=12 (full 0):
 garbage-first heap   total 87040K, used 62552K [0x0000000080000000, 0x0000000100000000)
  region size 1024K, 2 young (2048K), 2 survivors (2048K)
 Metaspace       used 41205K, committed 42496K, reserved 1114112K
  class space    used 5690K, committed 6336K, reserved 1048576K
}
Event: 13.056 GC heap before
{Heap before GC invocations=13 (full 0):
 garbage-first heap   total 106496K, used 77912K [0x0000000080000000, 0x0000000100000000)
  region size 1024K, 17 young (17408K), 2 survivors (2048K)
 Metaspace       used 43583K, committed 44864K, reserved 1114112K
  class space    used 6076K, committed 6720K, reserved 1048576K
}
Event: 13.060 GC heap after
{Heap after GC invocations=14 (full 0):
 garbage-first heap   total 128000K, used 63469K [0x0000000080000000, 0x0000000100000000)
  region size 1024K, 2 young (2048K), 2 survivors (2048K)
 Metaspace       used 43583K, committed 44864K, reserved 1114112K
  class space    used 6076K, committed 6720K, reserved 1048576K
}
Event: 14.570 GC heap before
{Heap before GC invocations=14 (full 0):
 garbage-first heap   total 128000K, used 109549K [0x0000000080000000, 0x0000000100000000)
  region size 1024K, 48 young (49152K), 2 survivors (2048K)
 Metaspace       used 49530K, committed 50816K, reserved 1114112K
  class space    used 6685K, committed 7296K, reserved 1048576K
}
Event: 14.582 GC heap after
{Heap after GC invocations=15 (full 0):
 garbage-first heap   total 128000K, used 68056K [0x0000000080000000, 0x0000000100000000)
  region size 1024K, 6 young (6144K), 6 survivors (6144K)
 Metaspace       used 49530K, committed 50816K, reserved 1114112K
  class space    used 6685K, committed 7296K, reserved 1048576K
}
Event: 14.776 GC heap before
{Heap before GC invocations=15 (full 0):
 garbage-first heap   total 128000K, used 72152K [0x0000000080000000, 0x0000000100000000)
  region size 1024K, 11 young (11264K), 6 survivors (6144K)
 Metaspace       used 49868K, committed 51136K, reserved 1114112K
  class space    used 6720K, committed 7360K, reserved 1048576K
}
Event: 14.782 GC heap after
{Heap after GC invocations=16 (full 0):
 garbage-first heap   total 128000K, used 69855K [0x0000000080000000, 0x0000000100000000)
  region size 1024K, 2 young (2048K), 2 survivors (2048K)
 Metaspace       used 49868K, committed 51136K, reserved 1114112K
  class space    used 6720K, committed 7360K, reserved 1048576K
}
Event: 17.096 GC heap before
{Heap before GC invocations=17 (full 0):
 garbage-first heap   total 128000K, used 117983K [0x0000000080000000, 0x0000000100000000)
  region size 1024K, 45 young (46080K), 2 survivors (2048K)
 Metaspace       used 55960K, committed 57472K, reserved 1114112K
  class space    used 7594K, committed 8320K, reserved 1048576K
}
Event: 17.099 GC heap after
{Heap after GC invocations=18 (full 0):
 garbage-first heap   total 128000K, used 71337K [0x0000000080000000, 0x0000000100000000)
  region size 1024K, 3 young (3072K), 3 survivors (3072K)
 Metaspace       used 55960K, committed 57472K, reserved 1114112K
  class space    used 7594K, committed 8320K, reserved 1048576K
}
Event: 19.659 GC heap before
{Heap before GC invocations=18 (full 0):
 garbage-first heap   total 128000K, used 126633K [0x0000000080000000, 0x0000000100000000)
  region size 1024K, 40 young (40960K), 3 survivors (3072K)
 Metaspace       used 59064K, committed 60672K, reserved 1114112K
  class space    used 7880K, committed 8640K, reserved 1048576K
}
Event: 19.667 GC heap after
{Heap after GC invocations=19 (full 0):
 garbage-first heap   total 138240K, used 92843K [0x0000000080000000, 0x0000000100000000)
  region size 1024K, 6 young (6144K), 6 survivors (6144K)
 Metaspace       used 59064K, committed 60672K, reserved 1114112K
  class space    used 7880K, committed 8640K, reserved 1048576K
}
Event: 20.119 GC heap before
{Heap before GC invocations=19 (full 0):
 garbage-first heap   total 138240K, used 123563K [0x0000000080000000, 0x0000000100000000)
  region size 1024K, 36 young (36864K), 6 survivors (6144K)
 Metaspace       used 59959K, committed 61568K, reserved 1114112K
  class space    used 8031K, committed 8832K, reserved 1048576K
}
Event: 20.124 GC heap after
{Heap after GC invocations=20 (full 0):
 garbage-first heap   total 138240K, used 94021K [0x0000000080000000, 0x0000000100000000)
  region size 1024K, 1 young (1024K), 1 survivors (1024K)
 Metaspace       used 59959K, committed 61568K, reserved 1114112K
  class space    used 8031K, committed 8832K, reserved 1048576K
}
Event: 21.174 GC heap before
{Heap before GC invocations=21 (full 0):
 garbage-first heap   total 157696K, used 127813K [0x0000000080000000, 0x0000000100000000)
  region size 1024K, 34 young (34816K), 1 survivors (1024K)
 Metaspace       used 64326K, committed 65984K, reserved 1114112K
  class space    used 8646K, committed 9472K, reserved 1048576K
}
Event: 21.179 GC heap after
{Heap after GC invocations=22 (full 0):
 garbage-first heap   total 157696K, used 95139K [0x0000000080000000, 0x0000000100000000)
  region size 1024K, 3 young (3072K), 3 survivors (3072K)
 Metaspace       used 64326K, committed 65984K, reserved 1114112K
  class space    used 8646K, committed 9472K, reserved 1048576K
}
Event: 22.354 GC heap before
{Heap before GC invocations=22 (full 0):
 garbage-first heap   total 157696K, used 144291K [0x0000000080000000, 0x0000000100000000)
  region size 1024K, 51 young (52224K), 3 survivors (3072K)
 Metaspace       used 70124K, committed 71872K, reserved 1114112K
  class space    used 9550K, committed 10432K, reserved 1048576K
}
Event: 22.359 GC heap after
{Heap after GC invocations=23 (full 0):
 garbage-first heap   total 157696K, used 97562K [0x0000000080000000, 0x0000000100000000)
  region size 1024K, 5 young (5120K), 5 survivors (5120K)
 Metaspace       used 70124K, committed 71872K, reserved 1114112K
  class space    used 9550K, committed 10432K, reserved 1048576K
}

